kotlin version: 2.1.21
error message: Incremental compilation failed: Java heap space
java.lang.OutOfMemoryError: Java heap space
	at org.jetbrains.kotlin.it.unimi.dsi.fastutil.objects.ObjectArrayList.grow(ObjectArrayList.java:314)
	at org.jetbrains.kotlin.it.unimi.dsi.fastutil.objects.ObjectArrayList.add(ObjectArrayList.java:331)
	at org.jetbrains.kotlin.com.intellij.lang.impl.MarkerPool.allocateStartMarker(MarkerPool.java:38)
	at org.jetbrains.kotlin.com.intellij.lang.impl.PsiBuilderImpl.createMarker(PsiBuilderImpl.java:831)
	at org.jetbrains.kotlin.com.intellij.lang.impl.PsiBuilderImpl.mark(PsiBuilderImpl.java:825)
	at org.jetbrains.kotlin.com.intellij.lang.java.parser.BasicReferenceParser.parseReferenceParameterList(BasicReferenceParser.java:285)
	at org.jetbrains.kotlin.com.intellij.lang.java.parser.ReferenceParser.parseReferenceParameterList(ReferenceParser.java:82)
	at org.jetbrains.kotlin.com.intellij.lang.java.parser.BasicReferenceParser.parseJavaCodeReference(BasicReferenceParser.java:229)
	at org.jetbrains.kotlin.com.intellij.lang.java.parser.BasicReferenceParser.parseTypeInfo(BasicReferenceParser.java:120)
	at org.jetbrains.kotlin.com.intellij.lang.java.parser.BasicReferenceParser.parseTypeInfo(BasicReferenceParser.java:58)
	at org.jetbrains.kotlin.com.intellij.lang.java.parser.ReferenceParser.parseTypeInfo(ReferenceParser.java:43)
	at org.jetbrains.kotlin.com.intellij.lang.java.parser.ReferenceParser.parseTypeInfo(ReferenceParser.java:9)
	at org.jetbrains.kotlin.com.intellij.lang.java.parser.BasicOldExpressionParser.parsePrimaryExpressionStart(BasicOldExpressionParser.java:575)
	at org.jetbrains.kotlin.com.intellij.lang.java.parser.BasicOldExpressionParser.parsePrimary(BasicOldExpressionParser.java:343)
	at org.jetbrains.kotlin.com.intellij.lang.java.parser.BasicOldExpressionParser.parsePostfix(BasicOldExpressionParser.java:324)
	at org.jetbrains.kotlin.com.intellij.lang.java.parser.BasicOldExpressionParser.parseUnary(BasicOldExpressionParser.java:318)
	at org.jetbrains.kotlin.com.intellij.lang.java.parser.BasicOldExpressionParser.parseExpression(BasicOldExpressionParser.java:172)
	at org.jetbrains.kotlin.com.intellij.lang.java.parser.BasicOldExpressionParser.parseBinary(BasicOldExpressionParser.java:185)
	at org.jetbrains.kotlin.com.intellij.lang.java.parser.BasicOldExpressionParser.parseExpression(BasicOldExpressionParser.java:169)
	at org.jetbrains.kotlin.com.intellij.lang.java.parser.BasicOldExpressionParser.parseBinary(BasicOldExpressionParser.java:185)
	at org.jetbrains.kotlin.com.intellij.lang.java.parser.BasicOldExpressionParser.parseExpression(BasicOldExpressionParser.java:166)
	at org.jetbrains.kotlin.com.intellij.lang.java.parser.BasicOldExpressionParser.parseBinary(BasicOldExpressionParser.java:185)
	at org.jetbrains.kotlin.com.intellij.lang.java.parser.BasicOldExpressionParser.parseExpression(BasicOldExpressionParser.java:163)
	at org.jetbrains.kotlin.com.intellij.lang.java.parser.BasicOldExpressionParser.parseRelational(BasicOldExpressionParser.java:217)
	at org.jetbrains.kotlin.com.intellij.lang.java.parser.BasicOldExpressionParser.parseExpression(BasicOldExpressionParser.java:160)
	at org.jetbrains.kotlin.com.intellij.lang.java.parser.BasicOldExpressionParser.parseBinary(BasicOldExpressionParser.java:196)
	at org.jetbrains.kotlin.com.intellij.lang.java.parser.BasicOldExpressionParser.parseExpression(BasicOldExpressionParser.java:157)
	at org.jetbrains.kotlin.com.intellij.lang.java.parser.BasicOldExpressionParser.parseBinary(BasicOldExpressionParser.java:185)
	at org.jetbrains.kotlin.com.intellij.lang.java.parser.BasicOldExpressionParser.parseExpression(BasicOldExpressionParser.java:154)
	at org.jetbrains.kotlin.com.intellij.lang.java.parser.BasicOldExpressionParser.parseBinary(BasicOldExpressionParser.java:185)
	at org.jetbrains.kotlin.com.intellij.lang.java.parser.BasicOldExpressionParser.parseExpression(BasicOldExpressionParser.java:151)
	at org.jetbrains.kotlin.com.intellij.lang.java.parser.BasicOldExpressionParser.parseBinary(BasicOldExpressionParser.java:185)


